aigymcoach/android/app/build/intermediates/manifest_merge_blame_file/release/processReleaseMainManifest/manifest-merger-blame-release-report.txt
1<?xml version="1.0" encoding="utf-8"?>
2<manifest xmlns:android="http://schemas.android.com/apk/res/android"
3    package="com.example.fitgen"
4    android:versionCode="1"
5    android:versionName="1.0" >
6
7    <uses-sdk
8        android:minSdkVersion="21"
9        android:targetSdkVersion="34" />
10    <!--
11         Required to query activities that can process text, see:
12         https://developer.android.com/training/package-visibility and
13         https://developer.android.com/reference/android/content/Intent#ACTION_PROCESS_TEXT.
14
15         In particular, this is used by the Flutter engine in io.flutter.plugin.text.ProcessTextPlugin.
16    -->
17    <queries>
17-->src\main\AndroidManifest.xml:39:5-44:15
18        <intent>
18-->src\main\AndroidManifest.xml:40:9-43:18
19            <action android:name="android.intent.action.PROCESS_TEXT" />
19-->src\main\AndroidManifest.xml:41:13-72
19-->src\main\AndroidManifest.xml:41:21-70
20
21            <data android:mimeType="text/plain" />
21-->src\main\AndroidManifest.xml:42:13-50
21-->src\main\AndroidManifest.xml:42:19-48
22        </intent>
23    </queries>
24
25    <uses-permission android:name="android.permission.CAMERA" />
25-->src\main\AndroidManifest.xml:46:5-65
25-->src\main\AndroidManifest.xml:46:22-62
26
27    <uses-feature android:name="android.hardware.camera" />
27-->src\main\AndroidManifest.xml:47:5-60
27-->src\main\AndroidManifest.xml:47:19-57
28
29    <uses-permission android:name="android.permission.RECORD_AUDIO" />
29-->[:camera_android] AndroidManifest.xml:8:5-71
29-->[:camera_android] AndroidManifest.xml:8:22-68
30    <uses-permission android:name="android.permission.INTERNET" />
30-->[com.google.firebase:firebase-auth:22.3.1] AndroidManifest.xml:25:5-67
30-->[com.google.firebase:firebase-auth:22.3.1] AndroidManifest.xml:25:22-64
31    <uses-permission android:name="android.permission.ACCESS_NETWORK_STATE" />
31-->[com.google.firebase:firebase-auth:22.3.1] AndroidManifest.xml:26:5-79
31-->[com.google.firebase:firebase-auth:22.3.1] AndroidManifest.xml:26:22-76
32    <uses-permission android:name="com.google.android.providers.gsf.permission.READ_GSERVICES" />
32-->[com.google.android.recaptcha:recaptcha:18.4.0] AndroidManifest.xml:9:5-98
32-->[com.google.android.recaptcha:recaptcha:18.4.0] AndroidManifest.xml:9:22-95
33    <uses-permission android:name="android.permission.WAKE_LOCK" />
33-->[androidx.work:work-runtime:2.7.0] AndroidManifest.xml:25:5-68
33-->[androidx.work:work-runtime:2.7.0] AndroidManifest.xml:25:22-65
34    <uses-permission android:name="android.permission.RECEIVE_BOOT_COMPLETED" />
34-->[androidx.work:work-runtime:2.7.0] AndroidManifest.xml:27:5-81
34-->[androidx.work:work-runtime:2.7.0] AndroidManifest.xml:27:22-78
35    <uses-permission android:name="android.permission.FOREGROUND_SERVICE" />
35-->[androidx.work:work-runtime:2.7.0] AndroidManifest.xml:28:5-77
35-->[androidx.work:work-runtime:2.7.0] AndroidManifest.xml:28:22-74
36
37    <permission
37-->[androidx.core:core:1.13.1] AndroidManifest.xml:22:5-24:47
38        android:name="com.example.fitgen.DYNAMIC_RECEIVER_NOT_EXPORTED_PERMISSION"
38-->[androidx.core:core:1.13.1] AndroidManifest.xml:23:9-81
39        android:protectionLevel="signature" />
39-->[androidx.core:core:1.13.1] AndroidManifest.xml:24:9-44
40
41    <uses-permission android:name="com.example.fitgen.DYNAMIC_RECEIVER_NOT_EXPORTED_PERMISSION" />
41-->[androidx.core:core:1.13.1] AndroidManifest.xml:26:5-97
41-->[androidx.core:core:1.13.1] AndroidManifest.xml:26:22-94
42
43    <application
44        android:name="android.app.Application"
44-->src\main\AndroidManifest.xml:4:9-42
45        android:appComponentFactory="androidx.core.app.CoreComponentFactory"
45-->[androidx.core:core:1.13.1] AndroidManifest.xml:28:18-86
46        android:extractNativeLibs="true"
47        android:icon="@mipmap/ic_launcher"
47-->src\main\AndroidManifest.xml:5:9-43
48        android:label="fitgen" >
48-->src\main\AndroidManifest.xml:3:9-31
49        <activity
49-->src\main\AndroidManifest.xml:6:9-27:20
50            android:name="com.example.fitgen.MainActivity"
50-->src\main\AndroidManifest.xml:7:13-41
51            android:configChanges="orientation|keyboardHidden|keyboard|screenSize|smallestScreenSize|locale|layoutDirection|fontScale|screenLayout|density|uiMode"
51-->src\main\AndroidManifest.xml:12:13-163
52            android:exported="true"
52-->src\main\AndroidManifest.xml:8:13-36
53            android:hardwareAccelerated="true"
53-->src\main\AndroidManifest.xml:13:13-47
54            android:launchMode="singleTop"
54-->src\main\AndroidManifest.xml:9:13-43
55            android:taskAffinity=""
55-->src\main\AndroidManifest.xml:10:13-36
56            android:theme="@style/LaunchTheme"
56-->src\main\AndroidManifest.xml:11:13-47
57            android:windowSoftInputMode="adjustResize" >
57-->src\main\AndroidManifest.xml:14:13-55
58
59            <!--
60                 Specifies an Android theme to apply to this Activity as soon as
61                 the Android process has started. This theme is visible to the user
62                 while the Flutter UI initializes. After that, this theme continues
63                 to determine the Window background behind the Flutter UI.
64            -->
65            <meta-data
65-->src\main\AndroidManifest.xml:19:13-22:17
66                android:name="io.flutter.embedding.android.NormalTheme"
66-->src\main\AndroidManifest.xml:20:15-70
67                android:resource="@style/NormalTheme" />
67-->src\main\AndroidManifest.xml:21:15-52
68
69            <intent-filter>
69-->src\main\AndroidManifest.xml:23:13-26:29
70                <action android:name="android.intent.action.MAIN" />
70-->src\main\AndroidManifest.xml:24:17-68
70-->src\main\AndroidManifest.xml:24:25-66
71
72                <category android:name="android.intent.category.LAUNCHER" />
72-->src\main\AndroidManifest.xml:25:17-76
72-->src\main\AndroidManifest.xml:25:27-74
73            </intent-filter>
74        </activity>
75        <!--
76             Don't delete the meta-data below.
77             This is used by the Flutter tool to generate GeneratedPluginRegistrant.java
78        -->
79        <meta-data
79-->src\main\AndroidManifest.xml:30:9-32:33
80            android:name="flutterEmbedding"
80-->src\main\AndroidManifest.xml:31:13-44
81            android:value="2" />
81-->src\main\AndroidManifest.xml:32:13-30
82
83        <service
83-->[:firebase_auth] AndroidManifest.xml:8:9-12:19
84            android:name="com.google.firebase.components.ComponentDiscoveryService"
84-->[:firebase_auth] AndroidManifest.xml:8:18-89
85            android:directBootAware="true"
85-->[com.google.firebase:firebase-common:20.4.3] AndroidManifest.xml:32:13-43
86            android:exported="false" >
86-->[com.google.firebase:firebase-auth:22.3.1] AndroidManifest.xml:68:13-37
87            <meta-data
87-->[:firebase_auth] AndroidManifest.xml:9:13-11:85
88                android:name="com.google.firebase.components:io.flutter.plugins.firebase.auth.FlutterFirebaseAuthRegistrar"
88-->[:firebase_auth] AndroidManifest.xml:10:17-124
89                android:value="com.google.firebase.components.ComponentRegistrar" />
89-->[:firebase_auth] AndroidManifest.xml:11:17-82
90            <meta-data
90-->[:cloud_firestore] AndroidManifest.xml:9:13-11:85
91                android:name="com.google.firebase.components:io.flutter.plugins.firebase.firestore.FlutterFirebaseFirestoreRegistrar"
91-->[:cloud_firestore] AndroidManifest.xml:10:17-134
92                android:value="com.google.firebase.components.ComponentRegistrar" />
92-->[:cloud_firestore] AndroidManifest.xml:11:17-82
93            <meta-data
93-->[:firebase_storage] AndroidManifest.xml:9:13-11:85
94                android:name="com.google.firebase.components:io.flutter.plugins.firebase.storage.FlutterFirebaseAppRegistrar"
94-->[:firebase_storage] AndroidManifest.xml:10:17-126
95                android:value="com.google.firebase.components.ComponentRegistrar" />
95-->[:firebase_storage] AndroidManifest.xml:11:17-82
96            <meta-data
96-->[:firebase_core] AndroidManifest.xml:9:13-11:85
97                android:name="com.google.firebase.components:io.flutter.plugins.firebase.core.FlutterFirebaseCoreRegistrar"
97-->[:firebase_core] AndroidManifest.xml:10:17-124
98                android:value="com.google.firebase.components.ComponentRegistrar" />
98-->[:firebase_core] AndroidManifest.xml:11:17-82
99            <meta-data
99-->[com.google.firebase:firebase-auth:22.3.1] AndroidManifest.xml:69:13-71:85
100                android:name="com.google.firebase.components:com.google.firebase.auth.FirebaseAuthRegistrar"
100-->[com.google.firebase:firebase-auth:22.3.1] AndroidManifest.xml:70:17-109
101                android:value="com.google.firebase.components.ComponentRegistrar" />
101-->[com.google.firebase:firebase-auth:22.3.1] AndroidManifest.xml:71:17-82
102            <meta-data
102-->[com.google.firebase:firebase-firestore:24.11.0] AndroidManifest.xml:17:13-19:85
103                android:name="com.google.firebase.components:com.google.firebase.firestore.FirebaseFirestoreKtxRegistrar"
103-->[com.google.firebase:firebase-firestore:24.11.0] AndroidManifest.xml:18:17-122
104                android:value="com.google.firebase.components.ComponentRegistrar" />
104-->[com.google.firebase:firebase-firestore:24.11.0] AndroidManifest.xml:19:17-82
105            <meta-data
105-->[com.google.firebase:firebase-firestore:24.11.0] AndroidManifest.xml:20:13-22:85
106                android:name="com.google.firebase.components:com.google.firebase.firestore.FirestoreRegistrar"
106-->[com.google.firebase:firebase-firestore:24.11.0] AndroidManifest.xml:21:17-111
107                android:value="com.google.firebase.components.ComponentRegistrar" />
107-->[com.google.firebase:firebase-firestore:24.11.0] AndroidManifest.xml:22:17-82
108            <meta-data
108-->[com.google.firebase:firebase-storage:20.3.0] AndroidManifest.xml:30:13-32:85
109                android:name="com.google.firebase.components:com.google.firebase.storage.FirebaseStorageKtxRegistrar"
109-->[com.google.firebase:firebase-storage:20.3.0] AndroidManifest.xml:31:17-118
110                android:value="com.google.firebase.components.ComponentRegistrar" />
110-->[com.google.firebase:firebase-storage:20.3.0] AndroidManifest.xml:32:17-82
111            <meta-data
111-->[com.google.firebase:firebase-storage:20.3.0] AndroidManifest.xml:33:13-35:85
112                android:name="com.google.firebase.components:com.google.firebase.storage.StorageRegistrar"
112-->[com.google.firebase:firebase-storage:20.3.0] AndroidManifest.xml:34:17-107
113                android:value="com.google.firebase.components.ComponentRegistrar" />
113-->[com.google.firebase:firebase-storage:20.3.0] AndroidManifest.xml:35:17-82
114            <meta-data
114-->[com.google.firebase:firebase-appcheck:17.1.2] AndroidManifest.xml:25:13-27:85
115                android:name="com.google.firebase.components:com.google.firebase.appcheck.FirebaseAppCheckKtxRegistrar"
115-->[com.google.firebase:firebase-appcheck:17.1.2] AndroidManifest.xml:26:17-120
116                android:value="com.google.firebase.components.ComponentRegistrar" />
116-->[com.google.firebase:firebase-appcheck:17.1.2] AndroidManifest.xml:27:17-82
117            <meta-data
117-->[com.google.firebase:firebase-appcheck:17.1.2] AndroidManifest.xml:28:13-30:85
118                android:name="com.google.firebase.components:com.google.firebase.appcheck.FirebaseAppCheckRegistrar"
118-->[com.google.firebase:firebase-appcheck:17.1.2] AndroidManifest.xml:29:17-117
119                android:value="com.google.firebase.components.ComponentRegistrar" />
119-->[com.google.firebase:firebase-appcheck:17.1.2] AndroidManifest.xml:30:17-82
120            <meta-data
120-->[com.google.firebase:firebase-common-ktx:20.4.3] AndroidManifest.xml:12:13-14:85
121                android:name="com.google.firebase.components:com.google.firebase.ktx.FirebaseCommonLegacyRegistrar"
121-->[com.google.firebase:firebase-common-ktx:20.4.3] AndroidManifest.xml:13:17-116
122                android:value="com.google.firebase.components.ComponentRegistrar" />
122-->[com.google.firebase:firebase-common-ktx:20.4.3] AndroidManifest.xml:14:17-82
123            <meta-data
123-->[com.google.firebase:firebase-common:20.4.3] AndroidManifest.xml:35:13-37:85
124                android:name="com.google.firebase.components:com.google.firebase.FirebaseCommonKtxRegistrar"
124-->[com.google.firebase:firebase-common:20.4.3] AndroidManifest.xml:36:17-109
125                android:value="com.google.firebase.components.ComponentRegistrar" />
125-->[com.google.firebase:firebase-common:20.4.3] AndroidManifest.xml:37:17-82
126        </service>
127
128        <activity
128-->[com.google.firebase:firebase-auth:22.3.1] AndroidManifest.xml:29:9-46:20
129            android:name="com.google.firebase.auth.internal.GenericIdpActivity"
129-->[com.google.firebase:firebase-auth:22.3.1] AndroidManifest.xml:30:13-80
130            android:excludeFromRecents="true"
130-->[com.google.firebase:firebase-auth:22.3.1] AndroidManifest.xml:31:13-46
131            android:exported="true"
131-->[com.google.firebase:firebase-auth:22.3.1] AndroidManifest.xml:32:13-36
132            android:launchMode="singleTask"
132-->[com.google.firebase:firebase-auth:22.3.1] AndroidManifest.xml:33:13-44
133            android:theme="@android:style/Theme.Translucent.NoTitleBar" >
133-->[com.google.firebase:firebase-auth:22.3.1] AndroidManifest.xml:34:13-72
134            <intent-filter>
134-->[com.google.firebase:firebase-auth:22.3.1] AndroidManifest.xml:35:13-45:29
135                <action android:name="android.intent.action.VIEW" />
135-->[com.google.firebase:firebase-auth:22.3.1] AndroidManifest.xml:36:17-69
135-->[com.google.firebase:firebase-auth:22.3.1] AndroidManifest.xml:36:25-66
136
137                <category android:name="android.intent.category.DEFAULT" />
137-->[com.google.firebase:firebase-auth:22.3.1] AndroidManifest.xml:38:17-76
137-->[com.google.firebase:firebase-auth:22.3.1] AndroidManifest.xml:38:27-73
138                <category android:name="android.intent.category.BROWSABLE" />
138-->[com.google.firebase:firebase-auth:22.3.1] AndroidManifest.xml:39:17-78
138-->[com.google.firebase:firebase-auth:22.3.1] AndroidManifest.xml:39:27-75
139
140                <data
140-->src\main\AndroidManifest.xml:42:13-50
141                    android:host="firebase.auth"
142                    android:path="/"
143                    android:scheme="genericidp" />
144            </intent-filter>
145        </activity>
146        <activity
146-->[com.google.firebase:firebase-auth:22.3.1] AndroidManifest.xml:47:9-64:20
147            android:name="com.google.firebase.auth.internal.RecaptchaActivity"
147-->[com.google.firebase:firebase-auth:22.3.1] AndroidManifest.xml:48:13-79
148            android:excludeFromRecents="true"
148-->[com.google.firebase:firebase-auth:22.3.1] AndroidManifest.xml:49:13-46
149            android:exported="true"
149-->[com.google.firebase:firebase-auth:22.3.1] AndroidManifest.xml:50:13-36
150            android:launchMode="singleTask"
150-->[com.google.firebase:firebase-auth:22.3.1] AndroidManifest.xml:51:13-44
151            android:theme="@android:style/Theme.Translucent.NoTitleBar" >
151-->[com.google.firebase:firebase-auth:22.3.1] AndroidManifest.xml:52:13-72
152            <intent-filter>
152-->[com.google.firebase:firebase-auth:22.3.1] AndroidManifest.xml:53:13-63:29
153                <action android:name="android.intent.action.VIEW" />
153-->[com.google.firebase:firebase-auth:22.3.1] AndroidManifest.xml:36:17-69
153-->[com.google.firebase:firebase-auth:22.3.1] AndroidManifest.xml:36:25-66
154
155                <category android:name="android.intent.category.DEFAULT" />
155-->[com.google.firebase:firebase-auth:22.3.1] AndroidManifest.xml:38:17-76
155-->[com.google.firebase:firebase-auth:22.3.1] AndroidManifest.xml:38:27-73
156                <category android:name="android.intent.category.BROWSABLE" />
156-->[com.google.firebase:firebase-auth:22.3.1] AndroidManifest.xml:39:17-78
156-->[com.google.firebase:firebase-auth:22.3.1] AndroidManifest.xml:39:27-75
157
158                <data
158-->src\main\AndroidManifest.xml:42:13-50
159                    android:host="firebase.auth"
160                    android:path="/"
161                    android:scheme="recaptcha" />
162            </intent-filter>
163        </activity>
164        <!--
165             Required for ML Kit Pose Detection GPU acceleration. Applications that target Android
166             S+ require explicit declaration of any referenced vendor-provided libraries.
167        -->
168        <uses-native-library
168-->[com.google.mlkit:pose-detection-common:18.0.0-beta2] AndroidManifest.xml:16:9-18:40
169            android:name="libOpenCL.so"
169-->[com.google.mlkit:pose-detection-common:18.0.0-beta2] AndroidManifest.xml:17:13-40
170            android:required="false" />
170-->[com.google.mlkit:pose-detection-common:18.0.0-beta2] AndroidManifest.xml:18:13-37
171        <uses-native-library
171-->[com.google.mlkit:pose-detection-common:18.0.0-beta2] AndroidManifest.xml:16:9-18:40
172            android:name="libOpenCL-car.so"
172-->[com.google.mlkit:pose-detection-common:18.0.0-beta2] AndroidManifest.xml:17:13-40
173            android:required="false" />
173-->[com.google.mlkit:pose-detection-common:18.0.0-beta2] AndroidManifest.xml:18:13-37
174        <uses-native-library
174-->[com.google.mlkit:pose-detection-common:18.0.0-beta2] AndroidManifest.xml:16:9-18:40
175            android:name="libOpenCL-pixel.so"
175-->[com.google.mlkit:pose-detection-common:18.0.0-beta2] AndroidManifest.xml:17:13-40
176            android:required="false" />
176-->[com.google.mlkit:pose-detection-common:18.0.0-beta2] AndroidManifest.xml:18:13-37
177
178        <service
178-->[com.google.mlkit:pose-detection-common:18.0.0-beta2] AndroidManifest.xml:26:9-32:19
179            android:name="com.google.mlkit.common.internal.MlKitComponentDiscoveryService"
179-->[com.google.mlkit:pose-detection-common:18.0.0-beta2] AndroidManifest.xml:27:13-91
180            android:directBootAware="true"
180-->[com.google.mlkit:common:18.6.0] AndroidManifest.xml:17:13-43
181            android:exported="false" >
181-->[com.google.mlkit:pose-detection-common:18.0.0-beta2] AndroidManifest.xml:28:13-37
182            <meta-data
182-->[com.google.mlkit:pose-detection-common:18.0.0-beta2] AndroidManifest.xml:29:13-31:85
183                android:name="com.google.firebase.components:com.google.mlkit.vision.pose.internal.PoseRegistrar"
183-->[com.google.mlkit:pose-detection-common:18.0.0-beta2] AndroidManifest.xml:30:17-114
184                android:value="com.google.firebase.components.ComponentRegistrar" />
184-->[com.google.mlkit:pose-detection-common:18.0.0-beta2] AndroidManifest.xml:31:17-82
185            <meta-data
185-->[com.google.mlkit:vision-common:17.3.0] AndroidManifest.xml:12:13-14:85
186                android:name="com.google.firebase.components:com.google.mlkit.vision.common.internal.VisionCommonRegistrar"
186-->[com.google.mlkit:vision-common:17.3.0] AndroidManifest.xml:13:17-124
187                android:value="com.google.firebase.components.ComponentRegistrar" />
187-->[com.google.mlkit:vision-common:17.3.0] AndroidManifest.xml:14:17-82
188            <meta-data
188-->[com.google.mlkit:common:18.6.0] AndroidManifest.xml:20:13-22:85
189                android:name="com.google.firebase.components:com.google.mlkit.common.internal.CommonComponentRegistrar"
189-->[com.google.mlkit:common:18.6.0] AndroidManifest.xml:21:17-120
190                android:value="com.google.firebase.components.ComponentRegistrar" />
190-->[com.google.mlkit:common:18.6.0] AndroidManifest.xml:22:17-82
191        </service>
192
193        <provider
193-->[com.google.mlkit:common:18.6.0] AndroidManifest.xml:9:9-13:38
194            android:name="com.google.mlkit.common.internal.MlKitInitProvider"
194-->[com.google.mlkit:common:18.6.0] AndroidManifest.xml:10:13-78
195            android:authorities="com.example.fitgen.mlkitinitprovider"
195-->[com.google.mlkit:common:18.6.0] AndroidManifest.xml:11:13-69
196            android:exported="false"
196-->[com.google.mlkit:common:18.6.0] AndroidManifest.xml:12:13-37
197            android:initOrder="99" />
197-->[com.google.mlkit:common:18.6.0] AndroidManifest.xml:13:13-35
198
199        <service
199-->[com.google.mlkit:acceleration:16.0.0-beta1] AndroidManifest.xml:8:9-11:68
200            android:name="com.google.mlkit.acceleration.internal.MlKitRemoteWorkerService"
200-->[com.google.mlkit:acceleration:16.0.0-beta1] AndroidManifest.xml:9:13-91
201            android:exported="false"
201-->[com.google.mlkit:acceleration:16.0.0-beta1] AndroidManifest.xml:10:13-37
202            android:process=":mlkit_acceleration_mini_benchmark" />
202-->[com.google.mlkit:acceleration:16.0.0-beta1] AndroidManifest.xml:11:13-65
203
204        <activity
204-->[com.google.android.gms:play-services-base:18.1.0] AndroidManifest.xml:20:9-22:45
205            android:name="com.google.android.gms.common.api.GoogleApiActivity"
205-->[com.google.android.gms:play-services-base:18.1.0] AndroidManifest.xml:20:19-85
206            android:exported="false"
206-->[com.google.android.gms:play-services-base:18.1.0] AndroidManifest.xml:22:19-43
207            android:theme="@android:style/Theme.Translucent.NoTitleBar" />
207-->[com.google.android.gms:play-services-base:18.1.0] AndroidManifest.xml:21:19-78
208
209        <provider
209-->[com.google.firebase:firebase-common:20.4.3] AndroidManifest.xml:23:9-28:39
210            android:name="com.google.firebase.provider.FirebaseInitProvider"
210-->[com.google.firebase:firebase-common:20.4.3] AndroidManifest.xml:24:13-77
211            android:authorities="com.example.fitgen.firebaseinitprovider"
211-->[com.google.firebase:firebase-common:20.4.3] AndroidManifest.xml:25:13-72
212            android:directBootAware="true"
212-->[com.google.firebase:firebase-common:20.4.3] AndroidManifest.xml:26:13-43
213            android:exported="false"
213-->[com.google.firebase:firebase-common:20.4.3] AndroidManifest.xml:27:13-37
214            android:initOrder="100" />
214-->[com.google.firebase:firebase-common:20.4.3] AndroidManifest.xml:28:13-36
215
216        <service
216-->[androidx.work:work-multiprocess:2.7.0] AndroidManifest.xml:25:9-27:40
217            android:name="androidx.work.multiprocess.RemoteWorkManagerService"
217-->[androidx.work:work-multiprocess:2.7.0] AndroidManifest.xml:26:13-79
218            android:exported="false" />
218-->[androidx.work:work-multiprocess:2.7.0] AndroidManifest.xml:27:13-37
219
220        <provider
220-->[androidx.work:work-runtime:2.7.0] AndroidManifest.xml:31:9-39:20
221            android:name="androidx.startup.InitializationProvider"
221-->[androidx.work:work-runtime:2.7.0] AndroidManifest.xml:32:13-67
222            android:authorities="com.example.fitgen.androidx-startup"
222-->[androidx.work:work-runtime:2.7.0] AndroidManifest.xml:33:13-68
223            android:exported="false" >
223-->[androidx.work:work-runtime:2.7.0] AndroidManifest.xml:34:13-37
224            <meta-data
224-->[androidx.work:work-runtime:2.7.0] AndroidManifest.xml:36:13-38:52
225                android:name="androidx.work.WorkManagerInitializer"
225-->[androidx.work:work-runtime:2.7.0] AndroidManifest.xml:37:17-68
226                android:value="androidx.startup" />
226-->[androidx.work:work-runtime:2.7.0] AndroidManifest.xml:38:17-49
227            <meta-data
227-->[androidx.lifecycle:lifecycle-process:2.7.0] AndroidManifest.xml:29:13-31:52
228                android:name="androidx.lifecycle.ProcessLifecycleInitializer"
228-->[androidx.lifecycle:lifecycle-process:2.7.0] AndroidManifest.xml:30:17-78
229                android:value="androidx.startup" />
229-->[androidx.lifecycle:lifecycle-process:2.7.0] AndroidManifest.xml:31:17-49
230            <meta-data
230-->[androidx.profileinstaller:profileinstaller:1.3.1] AndroidManifest.xml:29:13-31:52
231                android:name="androidx.profileinstaller.ProfileInstallerInitializer"
231-->[androidx.profileinstaller:profileinstaller:1.3.1] AndroidManifest.xml:30:17-85
232                android:value="androidx.startup" />
232-->[androidx.profileinstaller:profileinstaller:1.3.1] AndroidManifest.xml:31:17-49
233        </provider>
234
235        <service
235-->[androidx.work:work-runtime:2.7.0] AndroidManifest.xml:41:9-46:35
236            android:name="androidx.work.impl.background.systemalarm.SystemAlarmService"
236-->[androidx.work:work-runtime:2.7.0] AndroidManifest.xml:42:13-88
237            android:directBootAware="false"
237-->[androidx.work:work-runtime:2.7.0] AndroidManifest.xml:43:13-44
238            android:enabled="@bool/enable_system_alarm_service_default"
238-->[androidx.work:work-runtime:2.7.0] AndroidManifest.xml:44:13-72
239            android:exported="false" />
239-->[androidx.work:work-runtime:2.7.0] AndroidManifest.xml:45:13-37
240        <service
240-->[androidx.work:work-runtime:2.7.0] AndroidManifest.xml:47:9-53:35
241            android:name="androidx.work.impl.background.systemjob.SystemJobService"
241-->[androidx.work:work-runtime:2.7.0] AndroidManifest.xml:48:13-84
242            android:directBootAware="false"
242-->[androidx.work:work-runtime:2.7.0] AndroidManifest.xml:49:13-44
243            android:enabled="@bool/enable_system_job_service_default"
243-->[androidx.work:work-runtime:2.7.0] AndroidManifest.xml:50:13-70
244            android:exported="true"
244-->[androidx.work:work-runtime:2.7.0] AndroidManifest.xml:51:13-36
245            android:permission="android.permission.BIND_JOB_SERVICE" />
245-->[androidx.work:work-runtime:2.7.0] AndroidManifest.xml:52:13-69
246        <service
246-->[androidx.work:work-runtime:2.7.0] AndroidManifest.xml:54:9-59:35
247            android:name="androidx.work.impl.foreground.SystemForegroundService"
247-->[androidx.work:work-runtime:2.7.0] AndroidManifest.xml:55:13-81
248            android:directBootAware="false"
248-->[androidx.work:work-runtime:2.7.0] AndroidManifest.xml:56:13-44
249            android:enabled="@bool/enable_system_foreground_service_default"
249-->[androidx.work:work-runtime:2.7.0] AndroidManifest.xml:57:13-77
250            android:exported="false" />
250-->[androidx.work:work-runtime:2.7.0] AndroidManifest.xml:58:13-37
251
252        <receiver
252-->[androidx.work:work-runtime:2.7.0] AndroidManifest.xml:61:9-66:35
253            android:name="androidx.work.impl.utils.ForceStopRunnable$BroadcastReceiver"
253-->[androidx.work:work-runtime:2.7.0] AndroidManifest.xml:62:13-88
254            android:directBootAware="false"
254-->[androidx.work:work-runtime:2.7.0] AndroidManifest.xml:63:13-44
255            android:enabled="true"
255-->[androidx.work:work-runtime:2.7.0] AndroidManifest.xml:64:13-35
256            android:exported="false" />
256-->[androidx.work:work-runtime:2.7.0] AndroidManifest.xml:65:13-37
257        <receiver
257-->[androidx.work:work-runtime:2.7.0] AndroidManifest.xml:67:9-77:20
258            android:name="androidx.work.impl.background.systemalarm.ConstraintProxy$BatteryChargingProxy"
258-->[androidx.work:work-runtime:2.7.0] AndroidManifest.xml:68:13-106
259            android:directBootAware="false"
259-->[androidx.work:work-runtime:2.7.0] AndroidManifest.xml:69:13-44
260            android:enabled="false"
260-->[androidx.work:work-runtime:2.7.0] AndroidManifest.xml:70:13-36
261            android:exported="false" >
261-->[androidx.work:work-runtime:2.7.0] AndroidManifest.xml:71:13-37
262            <intent-filter>
262-->[androidx.work:work-runtime:2.7.0] AndroidManifest.xml:73:13-76:29
263                <action android:name="android.intent.action.ACTION_POWER_CONNECTED" />
263-->[androidx.work:work-runtime:2.7.0] AndroidManifest.xml:74:17-87
263-->[androidx.work:work-runtime:2.7.0] AndroidManifest.xml:74:25-84
264                <action android:name="android.intent.action.ACTION_POWER_DISCONNECTED" />
264-->[androidx.work:work-runtime:2.7.0] AndroidManifest.xml:75:17-90
264-->[androidx.work:work-runtime:2.7.0] AndroidManifest.xml:75:25-87
265            </intent-filter>
266        </receiver>
267        <receiver
267-->[androidx.work:work-runtime:2.7.0] AndroidManifest.xml:78:9-88:20
268            android:name="androidx.work.impl.background.systemalarm.ConstraintProxy$BatteryNotLowProxy"
268-->[androidx.work:work-runtime:2.7.0] AndroidManifest.xml:79:13-104
269            android:directBootAware="false"
269-->[androidx.work:work-runtime:2.7.0] AndroidManifest.xml:80:13-44
270            android:enabled="false"
270-->[androidx.work:work-runtime:2.7.0] AndroidManifest.xml:81:13-36
271            android:exported="false" >
271-->[androidx.work:work-runtime:2.7.0] AndroidManifest.xml:82:13-37
272            <intent-filter>
272-->[androidx.work:work-runtime:2.7.0] AndroidManifest.xml:84:13-87:29
273                <action android:name="android.intent.action.BATTERY_OKAY" />
273-->[androidx.work:work-runtime:2.7.0] AndroidManifest.xml:85:17-77
273-->[androidx.work:work-runtime:2.7.0] AndroidManifest.xml:85:25-74
274                <action android:name="android.intent.action.BATTERY_LOW" />
274-->[androidx.work:work-runtime:2.7.0] AndroidManifest.xml:86:17-76
274-->[androidx.work:work-runtime:2.7.0] AndroidManifest.xml:86:25-73
275            </intent-filter>
276        </receiver>
277        <receiver
277-->[androidx.work:work-runtime:2.7.0] AndroidManifest.xml:89:9-99:20
278            android:name="androidx.work.impl.background.systemalarm.ConstraintProxy$StorageNotLowProxy"
278-->[androidx.work:work-runtime:2.7.0] AndroidManifest.xml:90:13-104
279            android:directBootAware="false"